2025-05-07 03:31:53,008 - INFO - Iniciando leitura dos dados em JSON...
2025-05-07 03:31:53,008 - INFO - Dados lidos com sucesso.
2025-05-07 03:31:53,008 - INFO - Processando registro de ID 1...
2025-05-07 03:31:53,009 - INFO - Registro de ID 1 processado com sucesso!
2025-05-07 03:31:53,009 - INFO - Processando registro de ID 2...
2025-05-07 03:31:53,009 - WARNING - [ID: 2] - Registro nao processado! - 'name' deve ser string nao-vazia. Encontrado: ''.
2025-05-07 03:31:53,009 - INFO - Processando registro de ID 3...
2025-05-07 03:31:53,009 - WARNING - [ID: 3] - Registro nao processado! - 'age' deve ser inteiro, encontrado: None.
2025-05-07 03:31:53,009 - INFO - Processando registro de ID 4...
2025-05-07 03:31:53,009 - WARNING - [ID: 4] - Registro nao processado! - 'age' deve ser inteiro, encontrado: 'twenty-eight'.
2025-05-07 03:31:53,009 - INFO - Processando registro de ID 5...
2025-05-07 03:31:53,009 - INFO - Registro de ID 5 processado com sucesso!
2025-05-07 03:31:53,009 - INFO - Processando registro de ID 6...
2025-05-07 03:31:53,009 - WARNING - [ID: 6] - Registro nao processado! - 'age' fora do intervalo aceitavel (0-120). encontrado: -5.
2025-05-07 03:31:53,009 - INFO - Processando registro de ID 7...
2025-05-07 03:31:53,009 - INFO - Registro de ID 7 processado com sucesso!
2025-05-07 03:31:53,009 - INFO - Processando registro de ID 8...
2025-05-07 03:31:53,009 - WARNING - [ID: 8] - Registro nao processado! - 'name' deve ser string nao-vazia. Encontrado: 12345.
2025-05-07 03:31:53,009 - INFO - Processando registro de ID 9...
2025-05-07 03:31:53,009 - INFO - Registro de ID 9 processado com sucesso!
2025-05-07 03:31:53,009 - INFO - Processando registro de ID 10...
2025-05-07 03:31:53,009 - INFO - Registro de ID 10 processado com sucesso!
2025-05-07 03:31:53,009 - INFO - Processando registro de ID 11...
2025-05-07 03:31:53,009 - INFO - Registro de ID 11 processado com sucesso!
2025-05-07 03:31:53,009 - INFO - Processando registro de ID 12...
2025-05-07 03:31:53,009 - WARNING - [ID: 12] - Registro nao processado! - Campo 'age' ausente.
2025-05-07 03:31:53,010 - INFO - Processando registro de ID 13...
2025-05-07 03:31:53,010 - WARNING - [ID: 13] - Registro nao processado! - Campo 'name' ausente.
2025-05-07 03:31:53,010 - INFO - Processando registro de ID 13...
2025-05-07 03:31:53,010 - INFO - Registro de ID 13 processado com sucesso!
2025-05-07 03:31:53,010 - INFO - Processando registro de ID 15...
2025-05-07 03:31:53,010 - INFO - Registro de ID 15 processado com sucesso!
2025-05-07 03:31:53,010 - INFO - 8 de 15 registros sao validos e foram processados com sucesso.
